[0422/124718.045:ERROR:process_memory_win.cc(73)] ReadMemory at 0x7ff779fd0000 of 64 bytes failed: Only part of a ReadProcessMemory or WriteProcessMemory request was completed. (0x12B)
[0422/124721.547:WARNING:pe_image_reader.cc(340)] could not read dos header from C:\Program Files (x86)\Google\Chrome\Application\chrome.exe
[0422/124721.547:ERROR:process_memory_win.cc(73)] ReadMemory at 0x7ff99c5e0000 of 64 bytes failed: Only part of a ReadProcessMemory or WriteProcessMemory request was completed. (0x12B)
[0422/124721.547:WARNING:pe_image_reader.cc(340)] could not read dos header from C:\Windows\SYSTEM32\ntdll.dll
[0422/124721.547:ERROR:process_memory_win.cc(73)] ReadMemory at 0x7ff99b7e0000 of 64 bytes failed: Only part of a ReadProcessMemory or WriteProcessMemory request was completed. (0x12B)
[0422/124721.882:WARNING:pe_image_reader.cc(340)] could not read dos header from C:\Windows\System32\KERNEL32.DLL
[0422/124721.882:ERROR:process_memory_win.cc(73)] ReadMemory at 0x7ff9998b0000 of 64 bytes failed: Only part of a ReadProcessMemory or WriteProcessMemory request was completed. (0x12B)
[0422/124721.882:WARNING:pe_image_reader.cc(340)] could not read dos header from C:\Windows\System32\KERNELBASE.dll
[0422/124721.882:ERROR:process_memory_win.cc(73)] ReadMemory at 0x7ff95cc00000 of 64 bytes failed: Only part of a ReadProcessMemory or WriteProcessMemory request was completed. (0x12B)
[0422/124721.882:WARNING:pe_image_reader.cc(340)] could not read dos header from C:\Program Files (x86)\Google\Chrome\Application\81.0.4044.113\chrome_elf.dll
[0422/124721.882:ERROR:process_memory_win.cc(73)] ReadMemory at 0x7ff990760000 of 64 bytes failed: Only part of a ReadProcessMemory or WriteProcessMemory request was completed. (0x12B)
[0422/124721.882:WARNING:pe_image_reader.cc(340)] could not read dos header from C:\Windows\SYSTEM32\VERSION.dll
[0422/124721.882:ERROR:process_memory_win.cc(73)] ReadMemory at 0x7ff99a740000 of 64 bytes failed: Only part of a ReadProcessMemory or WriteProcessMemory request was completed. (0x12B)
[0422/124721.882:WARNING:pe_image_reader.cc(340)] could not read dos header from C:\Windows\System32\msvcrt.dll
[0422/124721.882:ERROR:process_memory_win.cc(73)] ReadMemory at 0x7ff999590000 of 64 bytes failed: Only part of a ReadProcessMemory or WriteProcessMemory request was completed. (0x12B)
[0422/124721.882:WARNING:pe_image_reader.cc(340)] could not read dos header from C:\Windows\System32\bcryptPrimitives.dll
[0422/124721.886:ERROR:process_memory_win.cc(73)] ReadMemory at 0x7ff99c4f0000 of 64 bytes failed: Only part of a ReadProcessMemory or WriteProcessMemory request was completed. (0x12B)
[0422/124721.886:WARNING:pe_image_reader.cc(340)] could not read dos header from C:\Windows\System32\ADVAPI32.dll
[0422/124721.886:ERROR:process_memory_win.cc(73)] ReadMemory at 0x7ff99bd60000 of 64 bytes failed: Only part of a ReadProcessMemory or WriteProcessMemory request was completed. (0x12B)
[0422/124721.886:WARNING:pe_image_reader.cc(340)] could not read dos header from C:\Windows\System32\sechost.dll
[0422/124721.886:ERROR:process_memory_win.cc(73)] ReadMemory at 0x7ff99a990000 of 64 bytes failed: Only part of a ReadProcessMemory or WriteProcessMemory request was completed. (0x12B)
[0422/124721.886:WARNING:pe_image_reader.cc(340)] could not read dos header from C:\Windows\System32\RPCRT4.dll
[0422/124721.886:ERROR:process_memory_win.cc(73)] ReadMemory at 0x7ff942060000 of 64 bytes failed: Only part of a ReadProcessMemory or WriteProcessMemory request was completed. (0x12B)
[0422/124721.886:WARNING:pe_image_reader.cc(340)] could not read dos header from C:\Program Files (x86)\Google\Chrome\Application\81.0.4044.113\chrome.dll
[0422/124721.886:ERROR:process_memory_win.cc(73)] ReadMemory at 0x7ff99b3a0000 of 64 bytes failed: Only part of a ReadProcessMemory or WriteProcessMemory request was completed. (0x12B)
[0422/124721.886:WARNING:pe_image_reader.cc(340)] could not read dos header from C:\Windows\System32\WS2_32.dll
[0422/124721.886:ERROR:process_memory_win.cc(73)] ReadMemory at 0x7ff99a7e0000 of 64 bytes failed: Only part of a ReadProcessMemory or WriteProcessMemory request was completed. (0x12B)
[0422/124721.886:WARNING:pe_image_reader.cc(340)] could not read dos header from C:\Windows\System32\OLEAUT32.dll
[0422/124721.886:ERROR:process_memory_win.cc(73)] ReadMemory at 0x7ff999b60000 of 64 bytes failed: Only part of a ReadProcessMemory or WriteProcessMemory request was completed. (0x12B)
[0422/124721.886:WARNING:pe_image_reader.cc(340)] could not read dos header from C:\Windows\System32\msvcp_win.dll
[0422/124721.886:ERROR:process_memory_win.cc(73)] ReadMemory at 0x7ff999c00000 of 64 bytes failed: Only part of a ReadProcessMemory or WriteProcessMemory request was completed. (0x12B)
[0422/124721.886:WARNING:pe_image_reader.cc(340)] could not read dos header from C:\Windows\System32\ucrtbase.dll
[0422/124721.886:ERROR:process_memory_win.cc(73)] ReadMemory at 0x1b0022a0000 of 64 bytes failed: Only part of a ReadProcessMemory or WriteProcessMemory request was completed. (0x12B)
[0422/124721.886:WARNING:pe_image_reader.cc(340)] could not read dos header from C:\Windows\System32\combase.dll
[0422/124721.886:ERROR:process_memory_win.cc(73)] ReadMemory at 0x7ff99a630000 of 64 bytes failed: Only part of a ReadProcessMemory or WriteProcessMemory request was completed. (0x12B)
[0422/124721.886:WARNING:pe_image_reader.cc(340)] could not read dos header from C:\Windows\System32\WINTRUST.dll
[0422/124721.886:ERROR:process_memory_win.cc(73)] ReadMemory at 0x7ff999530000 of 64 bytes failed: Only part of a ReadProcessMemory or WriteProcessMemory request was completed. (0x12B)
[0422/124721.886:WARNING:pe_image_reader.cc(340)] could not read dos header from C:\Windows\System32\MSASN1.dll
[0422/124721.886:ERROR:process_memory_win.cc(73)] ReadMemory at 0x7ff99a4b0000 of 64 bytes failed: Only part of a ReadProcessMemory or WriteProcessMemory request was completed. (0x12B)
[0422/124721.886:WARNING:pe_image_reader.cc(340)] could not read dos header from C:\Windows\System32\CRYPT32.dll
[0422/124721.886:ERROR:process_memory_win.cc(73)] ReadMemory at 0x7ff9989c0000 of 64 bytes failed: Only part of a ReadProcessMemory or WriteProcessMemory request was completed. (0x12B)
[0422/124721.886:WARNING:pe_image_reader.cc(340)] could not read dos header from C:\Windows\SYSTEM32\IPHLPAPI.DLL
[0422/124721.886:ERROR:process_memory_win.cc(73)] ReadMemory at 0x7ff990fb0000 of 64 bytes failed: Only part of a ReadProcessMemory or WriteProcessMemory request was completed. (0x12B)
[0422/124721.886:WARNING:pe_image_reader.cc(340)] could not read dos header from C:\Windows\SYSTEM32\WINMM.dll
[0422/124721.886:ERROR:process_memory_win.cc(73)] ReadMemory at 0x7ff98d200000 of 64 bytes failed: Only part of a ReadProcessMemory or WriteProcessMemory request was completed. (0x12B)
[0422/124721.886:WARNING:pe_image_reader.cc(340)] could not read dos header from C:\Windows\SYSTEM32\Secur32.dll
[0422/124721.886:ERROR:process_memory_win.cc(73)] ReadMemory at 0x7ff9993c0000 of 64 bytes failed: Only part of a ReadProcessMemory or WriteProcessMemory request was completed. (0x12B)
[0422/124721.886:WARNING:pe_image_reader.cc(340)] could not read dos header from C:\Windows\SYSTEM32\USERENV.dll
[0422/124721.886:ERROR:process_memory_win.cc(73)] ReadMemory at 0x7ff999500000 of 64 bytes failed: Only part of a ReadProcessMemory or WriteProcessMemory request was completed. (0x12B)
[0422/124721.886:WARNING:pe_image_reader.cc(340)] could not read dos header from C:\Windows\System32\profapi.dll
[0422/124721.886:ERROR:process_memory_win.cc(73)] ReadMemory at 0x7ff972200000 of 64 bytes failed: Only part of a ReadProcessMemory or WriteProcessMemory request was completed. (0x12B)
[0422/124721.886:WARNING:pe_image_reader.cc(340)] could not read dos header from C:\Windows\SYSTEM32\UIAutomationCore.DLL
[0422/124721.886:ERROR:process_memory_win.cc(73)] ReadMemory at 0x7ff987270000 of 64 bytes failed: Only part of a ReadProcessMemory or WriteProcessMemory request was completed. (0x12B)
[0422/124721.886:WARNING:pe_image_reader.cc(340)] could not read dos header from C:\Windows\SYSTEM32\DWrite.dll
[0422/124721.886:ERROR:process_memory_win.cc(73)] ReadMemory at 0x7ff9906d0000 of 64 bytes failed: Only part of a ReadProcessMemory or WriteProcessMemory request was completed. (0x12B)
[0422/124721.886:WARNING:pe_image_reader.cc(340)] could not read dos header from C:\Windows\SYSTEM32\WINSPOOL.DRV
[0422/124721.886:ERROR:process_memory_win.cc(73)] ReadMemory at 0x7ff999550000 of 64 bytes failed: Only part of a ReadProcessMemory or WriteProcessMemory request was completed. (0x12B)
[0422/124721.886:WARNING:pe_image_reader.cc(340)] could not read dos header from C:\Windows\System32\kernel.appcore.dll
[0422/124721.890:ERROR:process_memory_win.cc(73)] ReadMemory at 0x7ff99a600000 of 64 bytes failed: Only part of a ReadProcessMemory or WriteProcessMemory request was completed. (0x12B)
[0422/124721.890:WARNING:pe_image_reader.cc(340)] could not read dos header from C:\Windows\System32\bcrypt.dll
[0422/124721.890:ERROR:process_memory_win.cc(73)] ReadMemory at 0x7ff993170000 of 64 bytes failed: Only part of a ReadProcessMemory or WriteProcessMemory request was completed. (0x12B)
[0422/124721.890:WARNING:pe_image_reader.cc(340)] could not read dos header from C:\Windows\SYSTEM32\dbghelp.dll
[0422/124721.890:ERROR:process_memory_win.cc(73)] ReadMemory at 0x7ff98fd30000 of 64 bytes failed: Only part of a ReadProcessMemory or WriteProcessMemory request was completed. (0x12B)
[0422/124721.890:WARNING:pe_image_reader.cc(340)] could not read dos header from C:\Windows\SYSTEM32\WINHTTP.dll
[0422/124721.890:ERROR:process_memory_win.cc(73)] ReadMemory at 0x7ff993680000 of 64 bytes failed: Only part of a ReadProcessMemory or WriteProcessMemory request was completed. (0x12B)
[0422/124721.890:WARNING:pe_image_reader.cc(340)] could not read dos header from C:\Windows\SYSTEM32\dhcpcsvc.DLL
[0422/124721.890:ERROR:process_memory_win.cc(73)] ReadMemory at 0x7ff99bbe0000 of 64 bytes failed: Only part of a ReadProcessMemory or WriteProcessMemory request was completed. (0x12B)
[0422/124721.890:WARNING:pe_image_reader.cc(340)] could not read dos header from C:\Windows\System32\NSI.dll
[0422/124721.890:ERROR:process_memory_win.cc(73)] ReadMemory at 0x7ff990ec0000 of 64 bytes failed: Only part of a ReadProcessMemory or WriteProcessMemory request was completed. (0x12B)
[0422/124721.890:WARNING:pe_image_reader.cc(340)] could not read dos header from C:\Windows\SYSTEM32\WINMMBASE.dll
[0422/124721.890:ERROR:process_memory_win.cc(73)] ReadMemory at 0x7ff9997b0000 of 64 bytes failed: Only part of a ReadProcessMemory or WriteProcessMemory request was completed. (0x12B)
[0422/124721.890:WARNING:pe_image_reader.cc(340)] could not read dos header from C:\Windows\System32\cfgmgr32.dll
[0422/124721.890:ERROR:process_memory_win.cc(73)] ReadMemory at 0x7ff995e50000 of 64 bytes failed: Only part of a ReadProcessMemory or WriteProcessMemory request was completed. (0x12B)
[0422/124721.890:WARNING:pe_image_reader.cc(340)] could not read dos header from C:\Windows\SYSTEM32\PROPSYS.dll
[0422/124721.890:ERROR:process_memory_win.cc(73)] ReadMemory at 0x7ff99a690000 of 64 bytes failed: Only part of a ReadProcessMemory or WriteProcessMemory request was completed. (0x12B)
[0422/124721.890:WARNING:pe_image_reader.cc(340)] could not read dos header from C:\Windows\System32\shcore.dll
[0422/124721.890:ERROR:process_memory_win.cc(73)] ReadMemory at 0x7ff999390000 of 64 bytes failed: Only part of a ReadProcessMemory or WriteProcessMemory request was completed. (0x12B)
[0422/124721.890:WARNING:pe_image_reader.cc(340)] could not read dos header from C:\Windows\SYSTEM32\SSPICLI.DLL
[0422/124721.890:ERROR:process_memory_win.cc(73)] ReadMemory at 0x7ff998e80000 of 64 bytes failed: Only part of a ReadProcessMemory or WriteProcessMemory request was completed. (0x12B)
[0422/124721.890:WARNING:pe_image_reader.cc(340)] could not read dos header from C:\Windows\SYSTEM32\CRYPTBASE.DLL
[0422/124722.370:ERROR:process_memory_win.cc(73)] ReadMemory at 0x7ff779fd0000 of 64 bytes failed: Only part of a ReadProcessMemory or WriteProcessMemory request was completed. (0x12B)
[0422/124722.370:WARNING:pe_image_reader.cc(340)] could not read dos header from C:\Program Files (x86)\Google\Chrome\Application\chrome.exe
[0422/124722.370:ERROR:process_memory_win.cc(73)] ReadMemory at 0x7ff99c5e0000 of 64 bytes failed: Only part of a ReadProcessMemory or WriteProcessMemory request was completed. (0x12B)
[0422/124722.370:WARNING:pe_image_reader.cc(340)] could not read dos header from C:\Windows\SYSTEM32\ntdll.dll
[0422/124722.370:ERROR:process_memory_win.cc(73)] ReadMemory at 0x7ff99b7e0000 of 64 bytes failed: Only part of a ReadProcessMemory or WriteProcessMemory request was completed. (0x12B)
[0422/124722.370:WARNING:pe_image_reader.cc(340)] could not read dos header from C:\Windows\System32\KERNEL32.DLL
[0422/124722.370:ERROR:process_memory_win.cc(73)] ReadMemory at 0x7ff9998b0000 of 64 bytes failed: Only part of a ReadProcessMemory or WriteProcessMemory request was completed. (0x12B)
[0422/124722.370:WARNING:pe_image_reader.cc(340)] could not read dos header from C:\Windows\System32\KERNELBASE.dll
[0422/124722.370:ERROR:process_memory_win.cc(73)] ReadMemory at 0x7ff95cc00000 of 64 bytes failed: Only part of a ReadProcessMemory or WriteProcessMemory request was completed. (0x12B)
[0422/124722.370:WARNING:pe_image_reader.cc(340)] could not read dos header from C:\Program Files (x86)\Google\Chrome\Application\81.0.4044.113\chrome_elf.dll
[0422/124722.370:ERROR:process_memory_win.cc(73)] ReadMemory at 0x7ff990760000 of 64 bytes failed: Only part of a ReadProcessMemory or WriteProcessMemory request was completed. (0x12B)
[0422/124722.370:WARNING:pe_image_reader.cc(340)] could not read dos header from C:\Windows\SYSTEM32\VERSION.dll
[0422/124722.370:ERROR:process_memory_win.cc(73)] ReadMemory at 0x7ff99a740000 of 64 bytes failed: Only part of a ReadProcessMemory or WriteProcessMemory request was completed. (0x12B)
[0422/124722.370:WARNING:pe_image_reader.cc(340)] could not read dos header from C:\Windows\System32\msvcrt.dll
[0422/124722.370:ERROR:process_memory_win.cc(73)] ReadMemory at 0x7ff999590000 of 64 bytes failed: Only part of a ReadProcessMemory or WriteProcessMemory request was completed. (0x12B)
[0422/124722.370:WARNING:pe_image_reader.cc(340)] could not read dos header from C:\Windows\System32\bcryptPrimitives.dll
[0422/124722.370:ERROR:process_memory_win.cc(73)] ReadMemory at 0x7ff99c4f0000 of 64 bytes failed: Only part of a ReadProcessMemory or WriteProcessMemory request was completed. (0x12B)
[0422/124722.370:WARNING:pe_image_reader.cc(340)] could not read dos header from C:\Windows\System32\ADVAPI32.dll
[0422/124722.370:ERROR:process_memory_win.cc(73)] ReadMemory at 0x7ff99bd60000 of 64 bytes failed: Only part of a ReadProcessMemory or WriteProcessMemory request was completed. (0x12B)
[0422/124722.370:WARNING:pe_image_reader.cc(340)] could not read dos header from C:\Windows\System32\sechost.dll
[0422/124722.370:ERROR:process_memory_win.cc(73)] ReadMemory at 0x7ff99a990000 of 64 bytes failed: Only part of a ReadProcessMemory or WriteProcessMemory request was completed. (0x12B)
[0422/124722.370:WARNING:pe_image_reader.cc(340)] could not read dos header from C:\Windows\System32\RPCRT4.dll
[0422/124722.370:ERROR:process_memory_win.cc(73)] ReadMemory at 0x7ff942060000 of 64 bytes failed: Only part of a ReadProcessMemory or WriteProcessMemory request was completed. (0x12B)
[0422/124722.370:WARNING:pe_image_reader.cc(340)] could not read dos header from C:\Program Files (x86)\Google\Chrome\Application\81.0.4044.113\chrome.dll
[0422/124722.370:ERROR:process_memory_win.cc(73)] ReadMemory at 0x7ff99b3a0000 of 64 bytes failed: Only part of a ReadProcessMemory or WriteProcessMemory request was completed. (0x12B)
[0422/124722.370:WARNING:pe_image_reader.cc(340)] could not read dos header from C:\Windows\System32\WS2_32.dll
[0422/124722.370:ERROR:process_memory_win.cc(73)] ReadMemory at 0x7ff99a7e0000 of 64 bytes failed: Only part of a ReadProcessMemory or WriteProcessMemory request was completed. (0x12B)
[0422/124722.370:WARNING:pe_image_reader.cc(340)] could not read dos header from C:\Windows\System32\OLEAUT32.dll
[0422/124722.370:ERROR:process_memory_win.cc(73)] ReadMemory at 0x7ff999b60000 of 64 bytes failed: Only part of a ReadProcessMemory or WriteProcessMemory request was completed. (0x12B)
[0422/124722.370:WARNING:pe_image_reader.cc(340)] could not read dos header from C:\Windows\System32\msvcp_win.dll
[0422/124722.370:ERROR:process_memory_win.cc(73)] ReadMemory at 0x7ff999c00000 of 64 bytes failed: Only part of a ReadProcessMemory or WriteProcessMemory request was completed. (0x12B)
[0422/124722.370:WARNING:pe_image_reader.cc(340)] could not read dos header from C:\Windows\System32\ucrtbase.dll
[0422/124722.370:ERROR:process_memory_win.cc(73)] ReadMemory at 0x1b0022a0000 of 64 bytes failed: Only part of a ReadProcessMemory or WriteProcessMemory request was completed. (0x12B)
[0422/124722.370:WARNING:pe_image_reader.cc(340)] could not read dos header from C:\Windows\System32\combase.dll
[0422/124722.370:ERROR:process_memory_win.cc(73)] ReadMemory at 0x7ff99a630000 of 64 bytes failed: Only part of a ReadProcessMemory or WriteProcessMemory request was completed. (0x12B)
[0422/124722.370:WARNING:pe_image_reader.cc(340)] could not read dos header from C:\Windows\System32\WINTRUST.dll
[0422/124722.370:ERROR:process_memory_win.cc(73)] ReadMemory at 0x7ff999530000 of 64 bytes failed: Only part of a ReadProcessMemory or WriteProcessMemory request was completed. (0x12B)
[0422/124722.370:WARNING:pe_image_reader.cc(340)] could not read dos header from C:\Windows\System32\MSASN1.dll
[0422/124722.370:ERROR:process_memory_win.cc(73)] ReadMemory at 0x7ff99a4b0000 of 64 bytes failed: Only part of a ReadProcessMemory or WriteProcessMemory request was completed. (0x12B)
[0422/124722.370:WARNING:pe_image_reader.cc(340)] could not read dos header from C:\Windows\System32\CRYPT32.dll
[0422/124722.370:ERROR:process_memory_win.cc(73)] ReadMemory at 0x7ff9989c0000 of 64 bytes failed: Only part of a ReadProcessMemory or WriteProcessMemory request was completed. (0x12B)
[0422/124722.370:WARNING:pe_image_reader.cc(340)] could not read dos header from C:\Windows\SYSTEM32\IPHLPAPI.DLL
[0422/124722.370:ERROR:process_memory_win.cc(73)] ReadMemory at 0x7ff990fb0000 of 64 bytes failed: Only part of a ReadProcessMemory or WriteProcessMemory request was completed. (0x12B)
[0422/124722.370:WARNING:pe_image_reader.cc(340)] could not read dos header from C:\Windows\SYSTEM32\WINMM.dll
[0422/124722.370:ERROR:process_memory_win.cc(73)] ReadMemory at 0x7ff98d200000 of 64 bytes failed: Only part of a ReadProcessMemory or WriteProcessMemory request was completed. (0x12B)
[0422/124722.370:WARNING:pe_image_reader.cc(340)] could not read dos header from C:\Windows\SYSTEM32\Secur32.dll
[0422/124722.370:ERROR:process_memory_win.cc(73)] ReadMemory at 0x7ff9993c0000 of 64 bytes failed: Only part of a ReadProcessMemory or WriteProcessMemory request was completed. (0x12B)
[0422/124722.370:WARNING:pe_image_reader.cc(340)] could not read dos header from C:\Windows\SYSTEM32\USERENV.dll
[0422/124722.370:ERROR:process_memory_win.cc(73)] ReadMemory at 0x7ff999500000 of 64 bytes failed: Only part of a ReadProcessMemory or WriteProcessMemory request was completed. (0x12B)
[0422/124722.370:WARNING:pe_image_reader.cc(340)] could not read dos header from C:\Windows\System32\profapi.dll
[0422/124722.370:ERROR:process_memory_win.cc(73)] ReadMemory at 0x7ff972200000 of 64 bytes failed: Only part of a ReadProcessMemory or WriteProcessMemory request was completed. (0x12B)
[0422/124722.370:WARNING:pe_image_reader.cc(340)] could not read dos header from C:\Windows\SYSTEM32\UIAutomationCore.DLL
[0422/124722.370:ERROR:process_memory_win.cc(73)] ReadMemory at 0x7ff987270000 of 64 bytes failed: Only part of a ReadProcessMemory or WriteProcessMemory request was completed. (0x12B)
[0422/124722.370:WARNING:pe_image_reader.cc(340)] could not read dos header from C:\Windows\SYSTEM32\DWrite.dll
[0422/124722.370:ERROR:process_memory_win.cc(73)] ReadMemory at 0x7ff9906d0000 of 64 bytes failed: Only part of a ReadProcessMemory or WriteProcessMemory request was completed. (0x12B)
[0422/124722.370:WARNING:pe_image_reader.cc(340)] could not read dos header from C:\Windows\SYSTEM32\WINSPOOL.DRV
[0422/124722.370:ERROR:process_memory_win.cc(73)] ReadMemory at 0x7ff999550000 of 64 bytes failed: Only part of a ReadProcessMemory or WriteProcessMemory request was completed. (0x12B)
[0422/124722.370:WARNING:pe_image_reader.cc(340)] could not read dos header from C:\Windows\System32\kernel.appcore.dll
[0422/124722.370:ERROR:process_memory_win.cc(73)] ReadMemory at 0x7ff99a600000 of 64 bytes failed: Only part of a ReadProcessMemory or WriteProcessMemory request was completed. (0x12B)
[0422/124722.370:WARNING:pe_image_reader.cc(340)] could not read dos header from C:\Windows\System32\bcrypt.dll
[0422/124722.370:ERROR:process_memory_win.cc(73)] ReadMemory at 0x7ff993170000 of 64 bytes failed: Only part of a ReadProcessMemory or WriteProcessMemory request was completed. (0x12B)
[0422/124722.370:WARNING:pe_image_reader.cc(340)] could not read dos header from C:\Windows\SYSTEM32\dbghelp.dll
[0422/124722.370:ERROR:process_memory_win.cc(73)] ReadMemory at 0x7ff98fd30000 of 64 bytes failed: Only part of a ReadProcessMemory or WriteProcessMemory request was completed. (0x12B)
[0422/124722.370:WARNING:pe_image_reader.cc(340)] could not read dos header from C:\Windows\SYSTEM32\WINHTTP.dll
[0422/124722.370:ERROR:process_memory_win.cc(73)] ReadMemory at 0x7ff993680000 of 64 bytes failed: Only part of a ReadProcessMemory or WriteProcessMemory request was completed. (0x12B)
[0422/124722.370:WARNING:pe_image_reader.cc(340)] could not read dos header from C:\Windows\SYSTEM32\dhcpcsvc.DLL
[0422/124722.370:ERROR:process_memory_win.cc(73)] ReadMemory at 0x7ff99bbe0000 of 64 bytes failed: Only part of a ReadProcessMemory or WriteProcessMemory request was completed. (0x12B)
[0422/124722.370:WARNING:pe_image_reader.cc(340)] could not read dos header from C:\Windows\System32\NSI.dll
[0422/124722.370:ERROR:process_memory_win.cc(73)] ReadMemory at 0x7ff990ec0000 of 64 bytes failed: Only part of a ReadProcessMemory or WriteProcessMemory request was completed. (0x12B)
[0422/124722.370:WARNING:pe_image_reader.cc(340)] could not read dos header from C:\Windows\SYSTEM32\WINMMBASE.dll
[0422/124722.370:ERROR:process_memory_win.cc(73)] ReadMemory at 0x7ff9997b0000 of 64 bytes failed: Only part of a ReadProcessMemory or WriteProcessMemory request was completed. (0x12B)
[0422/124722.370:WARNING:pe_image_reader.cc(340)] could not read dos header from C:\Windows\System32\cfgmgr32.dll
[0422/124722.370:ERROR:process_memory_win.cc(73)] ReadMemory at 0x7ff995e50000 of 64 bytes failed: Only part of a ReadProcessMemory or WriteProcessMemory request was completed. (0x12B)
[0422/124722.370:WARNING:pe_image_reader.cc(340)] could not read dos header from C:\Windows\SYSTEM32\PROPSYS.dll
[0422/124722.370:ERROR:process_memory_win.cc(73)] ReadMemory at 0x7ff99a690000 of 64 bytes failed: Only part of a ReadProcessMemory or WriteProcessMemory request was completed. (0x12B)
[0422/124722.370:WARNING:pe_image_reader.cc(340)] could not read dos header from C:\Windows\System32\shcore.dll
[0422/124722.370:ERROR:process_memory_win.cc(73)] ReadMemory at 0x7ff999390000 of 64 bytes failed: Only part of a ReadProcessMemory or WriteProcessMemory request was completed. (0x12B)
[0422/124722.370:WARNING:pe_image_reader.cc(340)] could not read dos header from C:\Windows\SYSTEM32\SSPICLI.DLL
[0422/124722.370:ERROR:process_memory_win.cc(73)] ReadMemory at 0x7ff998e80000 of 64 bytes failed: Only part of a ReadProcessMemory or WriteProcessMemory request was completed. (0x12B)
[0422/124722.370:WARNING:pe_image_reader.cc(340)] could not read dos header from C:\Windows\SYSTEM32\CRYPTBASE.DLL
[0422/124722.370:ERROR:process_memory_win.cc(73)] ReadMemory at 0x7ff779fd0000 of 64 bytes failed: Only part of a ReadProcessMemory or WriteProcessMemory request was completed. (0x12B)
[0422/124722.370:WARNING:pe_image_reader.cc(340)] could not read dos header from C:\Program Files (x86)\Google\Chrome\Application\chrome.exe
[0422/124722.370:ERROR:process_memory_win.cc(73)] ReadMemory at 0x7ff99c5e0000 of 64 bytes failed: Only part of a ReadProcessMemory or WriteProcessMemory request was completed. (0x12B)
[0422/124722.370:WARNING:pe_image_reader.cc(340)] could not read dos header from C:\Windows\SYSTEM32\ntdll.dll
[0422/124722.370:ERROR:process_memory_win.cc(73)] ReadMemory at 0x7ff99b7e0000 of 64 bytes failed: Only part of a ReadProcessMemory or WriteProcessMemory request was completed. (0x12B)
[0422/124722.370:WARNING:pe_image_reader.cc(340)] could not read dos header from C:\Windows\System32\KERNEL32.DLL
[0422/124722.370:ERROR:process_memory_win.cc(73)] ReadMemory at 0x7ff9998b0000 of 64 bytes failed: Only part of a ReadProcessMemory or WriteProcessMemory request was completed. (0x12B)
[0422/124722.370:WARNING:pe_image_reader.cc(340)] could not read dos header from C:\Windows\System32\KERNELBASE.dll
[0422/124722.370:ERROR:process_memory_win.cc(73)] ReadMemory at 0x7ff95cc00000 of 64 bytes failed: Only part of a ReadProcessMemory or WriteProcessMemory request was completed. (0x12B)
[0422/124722.370:WARNING:pe_image_reader.cc(340)] could not read dos header from C:\Program Files (x86)\Google\Chrome\Application\81.0.4044.113\chrome_elf.dll
[0422/124722.370:ERROR:process_memory_win.cc(73)] ReadMemory at 0x7ff990760000 of 64 bytes failed: Only part of a ReadProcessMemory or WriteProcessMemory request was completed. (0x12B)
[0422/124722.370:WARNING:pe_image_reader.cc(340)] could not read dos header from C:\Windows\SYSTEM32\VERSION.dll
[0422/124722.370:ERROR:process_memory_win.cc(73)] ReadMemory at 0x7ff99a740000 of 64 bytes failed: Only part of a ReadProcessMemory or WriteProcessMemory request was completed. (0x12B)
[0422/124722.370:WARNING:pe_image_reader.cc(340)] could not read dos header from C:\Windows\System32\msvcrt.dll
[0422/124722.370:ERROR:process_memory_win.cc(73)] ReadMemory at 0x7ff999590000 of 64 bytes failed: Only part of a ReadProcessMemory or WriteProcessMemory request was completed. (0x12B)
[0422/124722.370:WARNING:pe_image_reader.cc(340)] could not read dos header from C:\Windows\System32\bcryptPrimitives.dll
[0422/124722.370:ERROR:process_memory_win.cc(73)] ReadMemory at 0x7ff99c4f0000 of 64 bytes failed: Only part of a ReadProcessMemory or WriteProcessMemory request was completed. (0x12B)
[0422/124722.370:WARNING:pe_image_reader.cc(340)] could not read dos header from C:\Windows\System32\ADVAPI32.dll
[0422/124722.370:ERROR:process_memory_win.cc(73)] ReadMemory at 0x7ff99bd60000 of 64 bytes failed: Only part of a ReadProcessMemory or WriteProcessMemory request was completed. (0x12B)
[0422/124722.370:WARNING:pe_image_reader.cc(340)] could not read dos header from C:\Windows\System32\sechost.dll
[0422/124722.370:ERROR:process_memory_win.cc(73)] ReadMemory at 0x7ff99a990000 of 64 bytes failed: Only part of a ReadProcessMemory or WriteProcessMemory request was completed. (0x12B)
[0422/124722.370:WARNING:pe_image_reader.cc(340)] could not read dos header from C:\Windows\System32\RPCRT4.dll
[0422/124722.370:ERROR:process_memory_win.cc(73)] ReadMemory at 0x7ff942060000 of 64 bytes failed: Only part of a ReadProcessMemory or WriteProcessMemory request was completed. (0x12B)
[0422/124722.370:WARNING:pe_image_reader.cc(340)] could not read dos header from C:\Program Files (x86)\Google\Chrome\Application\81.0.4044.113\chrome.dll
[0422/124722.370:ERROR:process_memory_win.cc(73)] ReadMemory at 0x7ff99b3a0000 of 64 bytes failed: Only part of a ReadProcessMemory or WriteProcessMemory request was completed. (0x12B)
[0422/124722.370:WARNING:pe_image_reader.cc(340)] could not read dos header from C:\Windows\System32\WS2_32.dll
[0422/124722.370:ERROR:process_memory_win.cc(73)] ReadMemory at 0x7ff99a7e0000 of 64 bytes failed: Only part of a ReadProcessMemory or WriteProcessMemory request was completed. (0x12B)
[0422/124722.370:WARNING:pe_image_reader.cc(340)] could not read dos header from C:\Windows\System32\OLEAUT32.dll
[0422/124722.370:ERROR:process_memory_win.cc(73)] ReadMemory at 0x7ff999b60000 of 64 bytes failed: Only part of a ReadProcessMemory or WriteProcessMemory request was completed. (0x12B)
[0422/124722.370:WARNING:pe_image_reader.cc(340)] could not read dos header from C:\Windows\System32\msvcp_win.dll
[0422/124722.370:ERROR:process_memory_win.cc(73)] ReadMemory at 0x7ff999c00000 of 64 bytes failed: Only part of a ReadProcessMemory or WriteProcessMemory request was completed. (0x12B)
[0422/124722.370:WARNING:pe_image_reader.cc(340)] could not read dos header from C:\Windows\System32\ucrtbase.dll
[0422/124722.370:ERROR:process_memory_win.cc(73)] ReadMemory at 0x1b0022a0000 of 64 bytes failed: Only part of a ReadProcessMemory or WriteProcessMemory request was completed. (0x12B)
[0422/124722.370:WARNING:pe_image_reader.cc(340)] could not read dos header from C:\Windows\System32\combase.dll
[0422/124722.370:ERROR:process_memory_win.cc(73)] ReadMemory at 0x7ff99a630000 of 64 bytes failed: Only part of a ReadProcessMemory or WriteProcessMemory request was completed. (0x12B)
[0422/124722.370:WARNING:pe_image_reader.cc(340)] could not read dos header from C:\Windows\System32\WINTRUST.dll
[0422/124722.370:ERROR:process_memory_win.cc(73)] ReadMemory at 0x7ff999530000 of 64 bytes failed: Only part of a ReadProcessMemory or WriteProcessMemory request was completed. (0x12B)
[0422/124722.370:WARNING:pe_image_reader.cc(340)] could not read dos header from C:\Windows\System32\MSASN1.dll
[0422/124722.370:ERROR:process_memory_win.cc(73)] ReadMemory at 0x7ff99a4b0000 of 64 bytes failed: Only part of a ReadProcessMemory or WriteProcessMemory request was completed. (0x12B)
[0422/124722.370:WARNING:pe_image_reader.cc(340)] could not read dos header from C:\Windows\System32\CRYPT32.dll
[0422/124722.370:ERROR:process_memory_win.cc(73)] ReadMemory at 0x7ff9989c0000 of 64 bytes failed: Only part of a ReadProcessMemory or WriteProcessMemory request was completed. (0x12B)
[0422/124722.370:WARNING:pe_image_reader.cc(340)] could not read dos header from C:\Windows\SYSTEM32\IPHLPAPI.DLL
[0422/124722.370:ERROR:process_memory_win.cc(73)] ReadMemory at 0x7ff990fb0000 of 64 bytes failed: Only part of a ReadProcessMemory or WriteProcessMemory request was completed. (0x12B)
[0422/124722.370:WARNING:pe_image_reader.cc(340)] could not read dos header from C:\Windows\SYSTEM32\WINMM.dll
[0422/124722.370:ERROR:process_memory_win.cc(73)] ReadMemory at 0x7ff98d200000 of 64 bytes failed: Only part of a ReadProcessMemory or WriteProcessMemory request was completed. (0x12B)
[0422/124722.370:WARNING:pe_image_reader.cc(340)] could not read dos header from C:\Windows\SYSTEM32\Secur32.dll
[0422/124722.370:ERROR:process_memory_win.cc(73)] ReadMemory at 0x7ff9993c0000 of 64 bytes failed: Only part of a ReadProcessMemory or WriteProcessMemory request was completed. (0x12B)
[0422/124722.370:WARNING:pe_image_reader.cc(340)] could not read dos header from C:\Windows\SYSTEM32\USERENV.dll
[0422/124722.370:ERROR:process_memory_win.cc(73)] ReadMemory at 0x7ff999500000 of 64 bytes failed: Only part of a ReadProcessMemory or WriteProcessMemory request was completed. (0x12B)
[0422/124722.370:WARNING:pe_image_reader.cc(340)] could not read dos header from C:\Windows\System32\profapi.dll
[0422/124722.370:ERROR:process_memory_win.cc(73)] ReadMemory at 0x7ff972200000 of 64 bytes failed: Only part of a ReadProcessMemory or WriteProcessMemory request was completed. (0x12B)
[0422/124722.370:WARNING:pe_image_reader.cc(340)] could not read dos header from C:\Windows\SYSTEM32\UIAutomationCore.DLL
[0422/124722.370:ERROR:process_memory_win.cc(73)] ReadMemory at 0x7ff987270000 of 64 bytes failed: Only part of a ReadProcessMemory or WriteProcessMemory request was completed. (0x12B)
[0422/124722.370:WARNING:pe_image_reader.cc(340)] could not read dos header from C:\Windows\SYSTEM32\DWrite.dll
[0422/124722.370:ERROR:process_memory_win.cc(73)] ReadMemory at 0x7ff9906d0000 of 64 bytes failed: Only part of a ReadProcessMemory or WriteProcessMemory request was completed. (0x12B)
[0422/124722.370:WARNING:pe_image_reader.cc(340)] could not read dos header from C:\Windows\SYSTEM32\WINSPOOL.DRV
[0422/124722.370:ERROR:process_memory_win.cc(73)] ReadMemory at 0x7ff999550000 of 64 bytes failed: Only part of a ReadProcessMemory or WriteProcessMemory request was completed. (0x12B)
[0422/124722.370:WARNING:pe_image_reader.cc(340)] could not read dos header from C:\Windows\System32\kernel.appcore.dll
[0422/124722.370:ERROR:process_memory_win.cc(73)] ReadMemory at 0x7ff99a600000 of 64 bytes failed: Only part of a ReadProcessMemory or WriteProcessMemory request was completed. (0x12B)
[0422/124722.370:WARNING:pe_image_reader.cc(340)] could not read dos header from C:\Windows\System32\bcrypt.dll
[0422/124722.370:ERROR:process_memory_win.cc(73)] ReadMemory at 0x7ff993170000 of 64 bytes failed: Only part of a ReadProcessMemory or WriteProcessMemory request was completed. (0x12B)
[0422/124722.370:WARNING:pe_image_reader.cc(340)] could not read dos header from C:\Windows\SYSTEM32\dbghelp.dll
[0422/124722.370:ERROR:process_memory_win.cc(73)] ReadMemory at 0x7ff98fd30000 of 64 bytes failed: Only part of a ReadProcessMemory or WriteProcessMemory request was completed. (0x12B)
[0422/124722.370:WARNING:pe_image_reader.cc(340)] could not read dos header from C:\Windows\SYSTEM32\WINHTTP.dll
[0422/124722.370:ERROR:process_memory_win.cc(73)] ReadMemory at 0x7ff993680000 of 64 bytes failed: Only part of a ReadProcessMemory or WriteProcessMemory request was completed. (0x12B)
[0422/124722.370:WARNING:pe_image_reader.cc(340)] could not read dos header from C:\Windows\SYSTEM32\dhcpcsvc.DLL
[0422/124722.370:ERROR:process_memory_win.cc(73)] ReadMemory at 0x7ff99bbe0000 of 64 bytes failed: Only part of a ReadProcessMemory or WriteProcessMemory request was completed. (0x12B)
[0422/124722.370:WARNING:pe_image_reader.cc(340)] could not read dos header from C:\Windows\System32\NSI.dll
[0422/124722.370:ERROR:process_memory_win.cc(73)] ReadMemory at 0x7ff990ec0000 of 64 bytes failed: Only part of a ReadProcessMemory or WriteProcessMemory request was completed. (0x12B)
[0422/124722.370:WARNING:pe_image_reader.cc(340)] could not read dos header from C:\Windows\SYSTEM32\WINMMBASE.dll
[0422/124722.370:ERROR:process_memory_win.cc(73)] ReadMemory at 0x7ff9997b0000 of 64 bytes failed: Only part of a ReadProcessMemory or WriteProcessMemory request was completed. (0x12B)
[0422/124722.370:WARNING:pe_image_reader.cc(340)] could not read dos header from C:\Windows\System32\cfgmgr32.dll
[0422/124722.370:ERROR:process_memory_win.cc(73)] ReadMemory at 0x7ff995e50000 of 64 bytes failed: Only part of a ReadProcessMemory or WriteProcessMemory request was completed. (0x12B)
[0422/124722.370:WARNING:pe_image_reader.cc(340)] could not read dos header from C:\Windows\SYSTEM32\PROPSYS.dll
[0422/124722.386:ERROR:process_memory_win.cc(73)] ReadMemory at 0x7ff99a690000 of 64 bytes failed: Only part of a ReadProcessMemory or WriteProcessMemory request was completed. (0x12B)
[0422/124722.386:WARNING:pe_image_reader.cc(340)] could not read dos header from C:\Windows\System32\shcore.dll
[0422/124722.386:ERROR:process_memory_win.cc(73)] ReadMemory at 0x7ff999390000 of 64 bytes failed: Only part of a ReadProcessMemory or WriteProcessMemory request was completed. (0x12B)
[0422/124722.386:WARNING:pe_image_reader.cc(340)] could not read dos header from C:\Windows\SYSTEM32\SSPICLI.DLL
[0422/124722.386:ERROR:process_memory_win.cc(73)] ReadMemory at 0x7ff998e80000 of 64 bytes failed: Only part of a ReadProcessMemory or WriteProcessMemory request was completed. (0x12B)
[0422/124722.386:WARNING:pe_image_reader.cc(340)] could not read dos header from C:\Windows\SYSTEM32\CRYPTBASE.DLL
[0422/124723.038:ERROR:process_memory_win.cc(73)] ReadMemory at 0x783a5f5000 of 45056 bytes failed: Only part of a ReadProcessMemory or WriteProcessMemory request was completed. (0x12B)
[0422/124723.038:ERROR:process_memory_win.cc(73)] ReadMemory at 0x783adfd000 of 12288 bytes failed: Only part of a ReadProcessMemory or WriteProcessMemory request was completed. (0x12B)
[0422/124723.038:ERROR:process_memory_win.cc(73)] ReadMemory at 0x783b5f8000 of 32768 bytes failed: Only part of a ReadProcessMemory or WriteProcessMemory request was completed. (0x12B)
[0422/124723.038:ERROR:process_memory_win.cc(73)] ReadMemory at 0x783bdfd000 of 12288 bytes failed: Only part of a ReadProcessMemory or WriteProcessMemory request was completed. (0x12B)
[0422/124723.038:ERROR:process_memory_win.cc(73)] ReadMemory at 0x783c5fc000 of 16384 bytes failed: Only part of a ReadProcessMemory or WriteProcessMemory request was completed. (0x12B)
[0422/124723.038:ERROR:process_memory_win.cc(73)] ReadMemory at 0x783cdfe000 of 8192 bytes failed: Only part of a ReadProcessMemory or WriteProcessMemory request was completed. (0x12B)
[0422/124723.038:ERROR:process_memory_win.cc(73)] ReadMemory at 0x783d5fd000 of 12288 bytes failed: Only part of a ReadProcessMemory or WriteProcessMemory request was completed. (0x12B)
[0422/124723.042:ERROR:process_memory_win.cc(73)] ReadMemory at 0x783ddfc000 of 16384 bytes failed: Only part of a ReadProcessMemory or WriteProcessMemory request was completed. (0x12B)
[0422/124723.042:ERROR:process_memory_win.cc(73)] ReadMemory at 0x783edfd000 of 12288 bytes failed: Only part of a ReadProcessMemory or WriteProcessMemory request was completed. (0x12B)
[0422/124723.042:ERROR:process_memory_win.cc(73)] ReadMemory at 0x783f5fd000 of 12288 bytes failed: Only part of a ReadProcessMemory or WriteProcessMemory request was completed. (0x12B)
[0422/124723.042:ERROR:process_memory_win.cc(73)] ReadMemory at 0x783fdfd000 of 12288 bytes failed: Only part of a ReadProcessMemory or WriteProcessMemory request was completed. (0x12B)
[0422/124723.042:ERROR:process_memory_win.cc(73)] ReadMemory at 0x78405fd000 of 12288 bytes failed: Only part of a ReadProcessMemory or WriteProcessMemory request was completed. (0x12B)
[0422/124723.042:ERROR:process_memory_win.cc(73)] ReadMemory at 0x783e5fc000 of 16384 bytes failed: Only part of a ReadProcessMemory or WriteProcessMemory request was completed. (0x12B)
[0422/124723.042:ERROR:process_memory_win.cc(73)] ReadMemory at 0x7840dfc000 of 16384 bytes failed: Only part of a ReadProcessMemory or WriteProcessMemory request was completed. (0x12B)
[0422/124723.042:ERROR:process_memory_win.cc(73)] ReadMemory at 0x7839d04000 of 852 bytes failed: Only part of a ReadProcessMemory or WriteProcessMemory request was completed. (0x12B)
[0422/124723.074:ERROR:process_memory_win.cc(73)] ReadMemory at 0x7839d05000 of 6024 bytes failed: Only part of a ReadProcessMemory or WriteProcessMemory request was completed. (0x12B)
[0422/124723.078:ERROR:process_memory_win.cc(73)] ReadMemory at 0x7839d07000 of 6024 bytes failed: Only part of a ReadProcessMemory or WriteProcessMemory request was completed. (0x12B)
[0422/124723.078:ERROR:process_memory_win.cc(73)] ReadMemory at 0x7839d09000 of 6024 bytes failed: Only part of a ReadProcessMemory or WriteProcessMemory request was completed. (0x12B)
[0422/124723.078:ERROR:process_memory_win.cc(73)] ReadMemory at 0x7839d0b000 of 6024 bytes failed: Only part of a ReadProcessMemory or WriteProcessMemory request was completed. (0x12B)
[0422/124723.078:ERROR:process_memory_win.cc(73)] ReadMemory at 0x7839d0d000 of 6024 bytes failed: Only part of a ReadProcessMemory or WriteProcessMemory request was completed. (0x12B)
[0422/124723.078:ERROR:process_memory_win.cc(73)] ReadMemory at 0x7839d0f000 of 6024 bytes failed: Only part of a ReadProcessMemory or WriteProcessMemory request was completed. (0x12B)
[0422/124723.078:ERROR:process_memory_win.cc(73)] ReadMemory at 0x7839d11000 of 6024 bytes failed: Only part of a ReadProcessMemory or WriteProcessMemory request was completed. (0x12B)
[0422/124723.078:ERROR:process_memory_win.cc(73)] ReadMemory at 0x7839d13000 of 6024 bytes failed: Only part of a ReadProcessMemory or WriteProcessMemory request was completed. (0x12B)
[0422/124723.078:ERROR:process_memory_win.cc(73)] ReadMemory at 0x7839d17000 of 6024 bytes failed: Only part of a ReadProcessMemory or WriteProcessMemory request was completed. (0x12B)
[0422/124723.078:ERROR:process_memory_win.cc(73)] ReadMemory at 0x7839d19000 of 6024 bytes failed: Only part of a ReadProcessMemory or WriteProcessMemory request was completed. (0x12B)
[0422/124723.078:ERROR:process_memory_win.cc(73)] ReadMemory at 0x7839d1b000 of 6024 bytes failed: Only part of a ReadProcessMemory or WriteProcessMemory request was completed. (0x12B)
[0422/124723.078:ERROR:process_memory_win.cc(73)] ReadMemory at 0x7839d1d000 of 6024 bytes failed: Only part of a ReadProcessMemory or WriteProcessMemory request was completed. (0x12B)
[0422/124723.078:ERROR:process_memory_win.cc(73)] ReadMemory at 0x7839d1f000 of 6024 bytes failed: Only part of a ReadProcessMemory or WriteProcessMemory request was completed. (0x12B)
[0422/124723.078:ERROR:process_memory_win.cc(73)] ReadMemory at 0x7839d21000 of 6024 bytes failed: Only part of a ReadProcessMemory or WriteProcessMemory request was completed. (0x12B)
[0422/124723.165:ERROR:process_memory_win.cc(73)] ReadMemory at 0x1b001b70750 of 80 bytes failed: Only part of a ReadProcessMemory or WriteProcessMemory request was completed. (0x12B)
[0422/124723.195:ERROR:process_memory_win.cc(73)] ReadMemory at 0x1b001b70fe0 of 15114 bytes failed: Only part of a ReadProcessMemory or WriteProcessMemory request was completed. (0x12B)
[0422/124723.466:ERROR:process_memory_win.cc(73)] ReadMemory at 0x1b001b74b00 of 1012 bytes failed: Only part of a ReadProcessMemory or WriteProcessMemory request was completed. (0x12B)
[0422/124723.466:ERROR:process_memory_win.cc(73)] ReadMemory at 0x1b001b75148 of 118 bytes failed: Only part of a ReadProcessMemory or WriteProcessMemory request was completed. (0x12B)
[0422/124723.810:ERROR:process_memory_win.cc(73)] ReadMemory at 0x1b001b751c0 of 752 bytes failed: Only part of a ReadProcessMemory or WriteProcessMemory request was completed. (0x12B)
[0422/124723.810:ERROR:process_memory_win.cc(73)] ReadMemory at 0x1b001b754b2 of 118 bytes failed: Only part of a ReadProcessMemory or WriteProcessMemory request was completed. (0x12B)
[0422/124723.810:ERROR:process_memory_win.cc(73)] ReadMemory at 0x1b001b7552a of 100 bytes failed: Only part of a ReadProcessMemory or WriteProcessMemory request was completed. (0x12B)
[0422/124723.989:ERROR:process_memory_win.cc(73)] ReadMemory at 0x1b001b755a0 of 58 bytes failed: Only part of a ReadProcessMemory or WriteProcessMemory request was completed. (0x12B)
[0422/124724.149:ERROR:process_memory_win.cc(73)] ReadMemory at 0x1b001b756a0 of 132 bytes failed: Only part of a ReadProcessMemory or WriteProcessMemory request was completed. (0x12B)
[0422/124724.149:ERROR:process_memory_win.cc(73)] ReadMemory at 0x1b001b75830 of 132 bytes failed: Only part of a ReadProcessMemory or WriteProcessMemory request was completed. (0x12B)
[0422/124724.149:ERROR:process_memory_win.cc(73)] ReadMemory at 0x1b001b759f0 of 126 bytes failed: Only part of a ReadProcessMemory or WriteProcessMemory request was completed. (0x12B)
[0422/124724.149:ERROR:process_memory_win.cc(73)] ReadMemory at 0x1b001b75dd0 of 132 bytes failed: Only part of a ReadProcessMemory or WriteProcessMemory request was completed. (0x12B)
[0422/124724.149:ERROR:process_memory_win.cc(73)] ReadMemory at 0x1b001b75f60 of 64 bytes failed: Only part of a ReadProcessMemory or WriteProcessMemory request was completed. (0x12B)
[0422/124724.149:ERROR:process_memory_win.cc(73)] ReadMemory at 0x1b001b75fb0 of 132 bytes failed: Only part of a ReadProcessMemory or WriteProcessMemory request was completed. (0x12B)
[0422/124724.149:ERROR:process_memory_win.cc(73)] ReadMemory at 0x1b001b76120 of 132 bytes failed: Only part of a ReadProcessMemory or WriteProcessMemory request was completed. (0x12B)
[0422/124724.149:ERROR:process_memory_win.cc(73)] ReadMemory at 0x1b001b763c0 of 132 bytes failed: Only part of a ReadProcessMemory or WriteProcessMemory request was completed. (0x12B)
[0422/124724.149:ERROR:process_memory_win.cc(73)] ReadMemory at 0x1b001b76550 of 68 bytes failed: Only part of a ReadProcessMemory or WriteProcessMemory request was completed. (0x12B)
[0422/124724.149:ERROR:process_memory_win.cc(73)] ReadMemory at 0x1b001b77620 of 132 bytes failed: Only part of a ReadProcessMemory or WriteProcessMemory request was completed. (0x12B)
[0422/124724.149:ERROR:process_memory_win.cc(73)] ReadMemory at 0x1b001b777b0 of 154 bytes failed: Only part of a ReadProcessMemory or WriteProcessMemory request was completed. (0x12B)
[0422/124724.149:ERROR:process_memory_win.cc(73)] ReadMemory at 0x1b001b799c0 of 62 bytes failed: Only part of a ReadProcessMemory or WriteProcessMemory request was completed. (0x12B)
[0422/124724.149:ERROR:process_memory_win.cc(73)] ReadMemory at 0x1b001b79a40 of 146 bytes failed: Only part of a ReadProcessMemory or WriteProcessMemory request was completed. (0x12B)
[0422/124724.172:ERROR:process_memory_win.cc(73)] ReadMemory at 0x1b001b79b20 of 132 bytes failed: Only part of a ReadProcessMemory or WriteProcessMemory request was completed. (0x12B)
[0422/124724.172:ERROR:process_memory_win.cc(73)] ReadMemory at 0x1b001b79cb0 of 60 bytes failed: Only part of a ReadProcessMemory or WriteProcessMemory request was completed. (0x12B)
[0422/124724.331:ERROR:process_memory_win.cc(73)] ReadMemory at 0x1b001b7a6f0 of 132 bytes failed: Only part of a ReadProcessMemory or WriteProcessMemory request was completed. (0x12B)
[0422/124724.331:ERROR:process_memory_win.cc(73)] ReadMemory at 0x1b001b7a910 of 132 bytes failed: Only part of a ReadProcessMemory or WriteProcessMemory request was completed. (0x12B)
[0422/124724.331:ERROR:process_memory_win.cc(73)] ReadMemory at 0x1b001b7ab30 of 132 bytes failed: Only part of a ReadProcessMemory or WriteProcessMemory request was completed. (0x12B)
[0422/124724.331:ERROR:process_memory_win.cc(73)] ReadMemory at 0x1b001b7abe0 of 512 bytes failed: Only part of a ReadProcessMemory or WriteProcessMemory request was completed. (0x12B)
[0422/124724.335:ERROR:process_memory_win.cc(73)] ReadMemory at 0x1b001b7ae90 of 132 bytes failed: Only part of a ReadProcessMemory or WriteProcessMemory request was completed. (0x12B)
[0422/124724.645:ERROR:process_memory_win.cc(73)] ReadMemory at 0x1b001b7b070 of 132 bytes failed: Only part of a ReadProcessMemory or WriteProcessMemory request was completed. (0x12B)
[0422/124724.645:ERROR:process_memory_win.cc(73)] ReadMemory at 0x1b001b7dfc0 of 62 bytes failed: Only part of a ReadProcessMemory or WriteProcessMemory request was completed. (0x12B)
[0422/124724.669:ERROR:process_memory_win.cc(73)] ReadMemory at 0x1b001b7e060 of 64 bytes failed: Only part of a ReadProcessMemory or WriteProcessMemory request was completed. (0x12B)
[0422/124724.669:ERROR:process_memory_win.cc(73)] ReadMemory at 0x1b001b7e1a0 of 66 bytes failed: Only part of a ReadProcessMemory or WriteProcessMemory request was completed. (0x12B)
[0422/124724.669:ERROR:process_memory_win.cc(73)] ReadMemory at 0x1b001b7e1f0 of 64 bytes failed: Only part of a ReadProcessMemory or WriteProcessMemory request was completed. (0x12B)
[0422/124724.702:ERROR:process_memory_win.cc(73)] ReadMemory at 0x1b001b7e380 of 64 bytes failed: Only part of a ReadProcessMemory or WriteProcessMemory request was completed. (0x12B)
[0422/124725.049:ERROR:process_memory_win.cc(73)] ReadMemory at 0x1b001b7e4c0 of 60 bytes failed: Only part of a ReadProcessMemory or WriteProcessMemory request was completed. (0x12B)
[0422/124725.049:ERROR:process_memory_win.cc(73)] ReadMemory at 0x1b001b7e510 of 62 bytes failed: Only part of a ReadProcessMemory or WriteProcessMemory request was completed. (0x12B)
[0422/124725.049:ERROR:process_memory_win.cc(73)] ReadMemory at 0x1b001b7e600 of 60 bytes failed: Only part of a ReadProcessMemory or WriteProcessMemory request was completed. (0x12B)
[0422/124725.071:ERROR:process_memory_win.cc(73)] ReadMemory at 0x1b001b7e6a0 of 64 bytes failed: Only part of a ReadProcessMemory or WriteProcessMemory request was completed. (0x12B)
[0422/124725.071:ERROR:process_memory_win.cc(73)] ReadMemory at 0x1b001b7f0e0 of 76 bytes failed: Only part of a ReadProcessMemory or WriteProcessMemory request was completed. (0x12B)
[0422/124725.101:ERROR:process_memory_win.cc(73)] ReadMemory at 0x1b001b7f2c0 of 80 bytes failed: Only part of a ReadProcessMemory or WriteProcessMemory request was completed. (0x12B)
[0422/124725.101:ERROR:process_memory_win.cc(73)] ReadMemory at 0x1b001b7f830 of 62 bytes failed: Only part of a ReadProcessMemory or WriteProcessMemory request was completed. (0x12B)
[0422/124725.101:ERROR:process_memory_win.cc(73)] ReadMemory at 0x1b001b7f880 of 60 bytes failed: Only part of a ReadProcessMemory or WriteProcessMemory request was completed. (0x12B)
[0422/124725.101:ERROR:process_memory_win.cc(73)] ReadMemory at 0x1b001b7f9c0 of 64 bytes failed: Only part of a ReadProcessMemory or WriteProcessMemory request was completed. (0x12B)
[0422/124725.105:ERROR:process_memory_win.cc(73)] ReadMemory at 0x1b001b7fa10 of 60 bytes failed: Only part of a ReadProcessMemory or WriteProcessMemory request was completed. (0x12B)
[0422/124725.105:ERROR:process_memory_win.cc(73)] ReadMemory at 0x1b001b7fa60 of 62 bytes failed: Only part of a ReadProcessMemory or WriteProcessMemory request was completed. (0x12B)
[0422/124725.105:ERROR:process_memory_win.cc(73)] ReadMemory at 0x1b001b7fb00 of 64 bytes failed: Only part of a ReadProcessMemory or WriteProcessMemory request was completed. (0x12B)
[0422/124725.181:ERROR:process_memory_win.cc(73)] ReadMemory at 0x1b001b7fb50 of 62 bytes failed: Only part of a ReadProcessMemory or WriteProcessMemory request was completed. (0x12B)
[0422/124725.181:ERROR:process_memory_win.cc(73)] ReadMemory at 0x1b001b7fbf0 of 62 bytes failed: Only part of a ReadProcessMemory or WriteProcessMemory request was completed. (0x12B)
[0422/124725.181:ERROR:process_memory_win.cc(73)] ReadMemory at 0x1b001b7fc40 of 60 bytes failed: Only part of a ReadProcessMemory or WriteProcessMemory request was completed. (0x12B)
[0422/124725.443:ERROR:process_memory_win.cc(73)] ReadMemory at 0x1b001b7fc90 of 62 bytes failed: Only part of a ReadProcessMemory or WriteProcessMemory request was completed. (0x12B)
[0422/124725.443:ERROR:process_memory_win.cc(73)] ReadMemory at 0x1b001b7fd80 of 66 bytes failed: Only part of a ReadProcessMemory or WriteProcessMemory request was completed. (0x12B)
[0422/124725.443:ERROR:process_memory_win.cc(73)] ReadMemory at 0x1b001b7fe70 of 62 bytes failed: Only part of a ReadProcessMemory or WriteProcessMemory request was completed. (0x12B)
[0422/124725.443:ERROR:process_memory_win.cc(73)] ReadMemory at 0x1b001b7ff60 of 58 bytes failed: Only part of a ReadProcessMemory or WriteProcessMemory request was completed. (0x12B)
[0422/124725.443:ERROR:process_memory_win.cc(73)] ReadMemory at 0x1b001b7ffb0 of 64 bytes failed: Only part of a ReadProcessMemory or WriteProcessMemory request was completed. (0x12B)
[0422/124725.443:ERROR:process_memory_win.cc(73)] ReadMemory at 0x1b001b80000 of 62 bytes failed: Only part of a ReadProcessMemory or WriteProcessMemory request was completed. (0x12B)
[0422/124725.443:ERROR:process_memory_win.cc(73)] ReadMemory at 0x1b001b800a0 of 64 bytes failed: Only part of a ReadProcessMemory or WriteProcessMemory request was completed. (0x12B)
[0422/124725.447:ERROR:process_memory_win.cc(73)] ReadMemory at 0x1b001b80500 of 62 bytes failed: Only part of a ReadProcessMemory or WriteProcessMemory request was completed. (0x12B)
[0422/124725.563:ERROR:process_memory_win.cc(73)] ReadMemory at 0x1b001b80690 of 60 bytes failed: Only part of a ReadProcessMemory or WriteProcessMemory request was completed. (0x12B)
[0422/124725.563:ERROR:process_memory_win.cc(73)] ReadMemory at 0x1b001b81350 of 132 bytes failed: Only part of a ReadProcessMemory or WriteProcessMemory request was completed. (0x12B)
[0422/124725.609:ERROR:process_memory_win.cc(73)] ReadMemory at 0x1b001b832e0 of 132 bytes failed: Only part of a ReadProcessMemory or WriteProcessMemory request was completed. (0x12B)
[0422/124725.609:ERROR:process_memory_win.cc(73)] ReadMemory at 0x1b001b83d10 of 132 bytes failed: Only part of a ReadProcessMemory or WriteProcessMemory request was completed. (0x12B)
[0422/124725.609:ERROR:process_memory_win.cc(73)] ReadMemory at 0x1b001b85970 of 54 bytes failed: Only part of a ReadProcessMemory or WriteProcessMemory request was completed. (0x12B)
[0422/124725.609:ERROR:process_memory_win.cc(73)] ReadMemory at 0x1b001b86d70 of 132 bytes failed: Only part of a ReadProcessMemory or WriteProcessMemory request was completed. (0x12B)
[0422/124725.609:ERROR:process_memory_win.cc(73)] ReadMemory at 0x1b001b899e0 of 132 bytes failed: Only part of a ReadProcessMemory or WriteProcessMemory request was completed. (0x12B)
[0422/124725.609:ERROR:process_memory_win.cc(73)] ReadMemory at 0x1b001b89b10 of 132 bytes failed: Only part of a ReadProcessMemory or WriteProcessMemory request was completed. (0x12B)
[0422/124725.609:ERROR:process_memory_win.cc(73)] ReadMemory at 0x1b001b89c40 of 132 bytes failed: Only part of a ReadProcessMemory or WriteProcessMemory request was completed. (0x12B)
[0422/124725.609:ERROR:process_memory_win.cc(73)] ReadMemory at 0x1b001b89d70 of 132 bytes failed: Only part of a ReadProcessMemory or WriteProcessMemory request was completed. (0x12B)
[0422/124725.609:ERROR:process_memory_win.cc(73)] ReadMemory at 0x1b001b89ea0 of 132 bytes failed: Only part of a ReadProcessMemory or WriteProcessMemory request was completed. (0x12B)
[0422/124725.609:ERROR:process_memory_win.cc(73)] ReadMemory at 0x1b001b89fd0 of 132 bytes failed: Only part of a ReadProcessMemory or WriteProcessMemory request was completed. (0x12B)
[0422/124725.609:ERROR:process_memory_win.cc(73)] ReadMemory at 0x1b001b8a100 of 132 bytes failed: Only part of a ReadProcessMemory or WriteProcessMemory request was completed. (0x12B)
[0422/124725.609:ERROR:process_memory_win.cc(73)] ReadMemory at 0x1b001b8a230 of 132 bytes failed: Only part of a ReadProcessMemory or WriteProcessMemory request was completed. (0x12B)
[0422/124725.669:ERROR:process_memory_win.cc(73)] ReadMemory at 0x1b001b8a360 of 132 bytes failed: Only part of a ReadProcessMemory or WriteProcessMemory request was completed. (0x12B)
[0422/124725.669:ERROR:process_memory_win.cc(73)] ReadMemory at 0x1b001b8a5c0 of 132 bytes failed: Only part of a ReadProcessMemory or WriteProcessMemory request was completed. (0x12B)
[0422/124725.720:ERROR:process_memory_win.cc(73)] ReadMemory at 0x1b001b8a6f0 of 132 bytes failed: Only part of a ReadProcessMemory or WriteProcessMemory request was completed. (0x12B)
[0422/124725.720:ERROR:process_memory_win.cc(73)] ReadMemory at 0x1b001b8a820 of 132 bytes failed: Only part of a ReadProcessMemory or WriteProcessMemory request was completed. (0x12B)
[0422/124726.078:ERROR:process_memory_win.cc(73)] ReadMemory at 0x1b001b8b130 of 132 bytes failed: Only part of a ReadProcessMemory or WriteProcessMemory request was completed. (0x12B)
[0422/124726.078:ERROR:process_memory_win.cc(73)] ReadMemory at 0x1b001b8b390 of 132 bytes failed: Only part of a ReadProcessMemory or WriteProcessMemory request was completed. (0x12B)
[0422/124726.078:ERROR:process_memory_win.cc(73)] ReadMemory at 0x1b001b8b4c0 of 132 bytes failed: Only part of a ReadProcessMemory or WriteProcessMemory request was completed. (0x12B)
[0422/124726.078:ERROR:process_memory_win.cc(73)] ReadMemory at 0x1b001b8b5f0 of 132 bytes failed: Only part of a ReadProcessMemory or WriteProcessMemory request was completed. (0x12B)
[0422/124726.078:ERROR:process_memory_win.cc(73)] ReadMemory at 0x1b001b8b850 of 132 bytes failed: Only part of a ReadProcessMemory or WriteProcessMemory request was completed. (0x12B)
[0422/124726.078:ERROR:process_memory_win.cc(73)] ReadMemory at 0x1b001b8b980 of 132 bytes failed: Only part of a ReadProcessMemory or WriteProcessMemory request was completed. (0x12B)
[0422/124726.078:ERROR:process_memory_win.cc(73)] ReadMemory at 0x1b001b8bd10 of 132 bytes failed: Only part of a ReadProcessMemory or WriteProcessMemory request was completed. (0x12B)
[0422/124726.078:ERROR:process_memory_win.cc(73)] ReadMemory at 0x1b001b8bf70 of 132 bytes failed: Only part of a ReadProcessMemory or WriteProcessMemory request was completed. (0x12B)
[0422/124726.122:ERROR:process_memory_win.cc(73)] ReadMemory at 0x1b001b8c300 of 132 bytes failed: Only part of a ReadProcessMemory or WriteProcessMemory request was completed. (0x12B)
[0422/124726.122:ERROR:process_memory_win.cc(73)] ReadMemory at 0x1b001b8c560 of 132 bytes failed: Only part of a ReadProcessMemory or WriteProcessMemory request was completed. (0x12B)
[0422/124726.122:ERROR:process_memory_win.cc(73)] ReadMemory at 0x1b001ba3c20 of 512 bytes failed: Only part of a ReadProcessMemory or WriteProcessMemory request was completed. (0x12B)
[0422/124726.122:ERROR:process_memory_win.cc(73)] ReadMemory at 0x1b002623ec0 of 608 bytes failed: Only part of a ReadProcessMemory or WriteProcessMemory request was completed. (0x12B)
[0422/124726.246:ERROR:process_memory_win.cc(73)] ReadMemory at 0x1b00262dcb0 of 712 bytes failed: Only part of a ReadProcessMemory or WriteProcessMemory request was completed. (0x12B)
[0422/124726.246:ERROR:process_memory_win.cc(73)] ReadMemory at 0x1b002638820 of 512 bytes failed: Only part of a ReadProcessMemory or WriteProcessMemory request was completed. (0x12B)
[0422/124726.246:ERROR:process_memory_win.cc(73)] ReadMemory at 0x1b003d20000 of 384 bytes failed: Only part of a ReadProcessMemory or WriteProcessMemory request was completed. (0x12B)
[0422/124726.246:ERROR:process_memory_win.cc(73)] ReadMemory at 0x1b003d331a0 of 512 bytes failed: Only part of a ReadProcessMemory or WriteProcessMemory request was completed. (0x12B)
[0422/124726.263:ERROR:process_memory_win.cc(73)] ReadMemory at 0x1b003deca98 of 512 bytes failed: Only part of a ReadProcessMemory or WriteProcessMemory request was completed. (0x12B)
[0422/124726.263:ERROR:process_memory_win.cc(73)] ReadMemory at 0x1b003e6a760 of 512 bytes failed: Only part of a ReadProcessMemory or WriteProcessMemory request was completed. (0x12B)
[0422/124726.490:ERROR:process_memory_win.cc(73)] ReadMemory at 0x1b003e7e250 of 512 bytes failed: Only part of a ReadProcessMemory or WriteProcessMemory request was completed. (0x12B)
[0422/124726.490:ERROR:process_memory_win.cc(73)] ReadMemory at 0x1b003e7ee50 of 512 bytes failed: Only part of a ReadProcessMemory or WriteProcessMemory request was completed. (0x12B)
[0422/124726.872:ERROR:process_memory_win.cc(73)] ReadMemory at 0x1b006c25308 of 512 bytes failed: Only part of a ReadProcessMemory or WriteProcessMemory request was completed. (0x12B)
[0422/124726.872:ERROR:process_memory_win.cc(73)] ReadMemory at 0x14ad2af16fe8 of 512 bytes failed: Only part of a ReadProcessMemory or WriteProcessMemory request was completed. (0x12B)
[0422/124726.872:ERROR:process_memory_win.cc(73)] ReadMemory at 0x494f00000000 of 384 bytes failed: Only part of a ReadProcessMemory or WriteProcessMemory request was completed. (0x12B)
[0422/124726.875:ERROR:process_memory_win.cc(73)] ReadMemory at 0x494f0804028d of 512 bytes failed: Only part of a ReadProcessMemory or WriteProcessMemory request was completed. (0x12B)
[0422/124726.875:ERROR:process_memory_win.cc(73)] ReadMemory at 0x7cba800c51c8 of 512 bytes failed: Only part of a ReadProcessMemory or WriteProcessMemory request was completed. (0x12B)
[0422/124726.875:ERROR:process_memory_win.cc(73)] ReadMemory at 0x7ff943e538f0 of 512 bytes failed: Only part of a ReadProcessMemory or WriteProcessMemory request was completed. (0x12B)
[0422/124726.875:ERROR:process_memory_win.cc(73)] ReadMemory at 0x7ff9483f6008 of 512 bytes failed: Only part of a ReadProcessMemory or WriteProcessMemory request was completed. (0x12B)
[0422/124726.875:ERROR:process_memory_win.cc(73)] ReadMemory at 0x7ff9487dd882 of 512 bytes failed: Only part of a ReadProcessMemory or WriteProcessMemory request was completed. (0x12B)
[0422/124726.875:ERROR:process_memory_win.cc(73)] ReadMemory at 0x7ff948849488 of 512 bytes failed: Only part of a ReadProcessMemory or WriteProcessMemory request was completed. (0x12B)
[0422/124726.875:ERROR:process_memory_win.cc(73)] ReadMemory at 0x7ff9998ea719 of 512 bytes failed: Only part of a ReadProcessMemory or WriteProcessMemory request was completed. (0x12B)
[0422/124727.058:ERROR:process_memory_win.cc(73)] ReadMemory at 0x7ff99c67c074 of 672 bytes failed: Only part of a ReadProcessMemory or WriteProcessMemory request was completed. (0x12B)
[0422/124727.058:ERROR:process_memory_win.cc(73)] ReadMemory at 0x7ff99c67c674 of 512 bytes failed: Only part of a ReadProcessMemory or WriteProcessMemory request was completed. (0x12B)
[0422/124727.058:ERROR:process_memory_win.cc(73)] ReadMemory at 0x7ff99c67f924 of 608 bytes failed: Only part of a ReadProcessMemory or WriteProcessMemory request was completed. (0x12B)
[0422/124727.157:ERROR:process_memory_win.cc(73)] ReadMemory at 0x7ff99c70c428 of 18 bytes failed: Only part of a ReadProcessMemory or WriteProcessMemory request was completed. (0x12B)
[0422/124727.157:ERROR:process_memory_win.cc(73)] ReadMemory at 0x7ff99c73f4f8 of 40 bytes failed: Only part of a ReadProcessMemory or WriteProcessMemory request was completed. (0x12B)
[0422/124727.157:ERROR:process_memory_win.cc(73)] ReadMemory at 0x7ff99c73f978 of 48 bytes failed: Only part of a ReadProcessMemory or WriteProcessMemory request was completed. (0x12B)
[0422/124727.157:ERROR:process_memory_win.cc(73)] ReadMemory at 0x7ff99c7453c0 of 64 bytes failed: Only part of a ReadProcessMemory or WriteProcessMemory request was completed. (0x12B)
[0422/124728.273:ERROR:scoped_process_suspend.cc(40)] NtResumeProcess: An attempt was made to access an exiting process. (0xc000010a)
[0422/153202.709:ERROR:scoped_process_suspend.cc(40)] NtResumeProcess: An attempt was made to access an exiting process. (0xc000010a)
